<?xml version="1.0" encoding="UTF-8"?>
<!-- Generated by org.testng.reporters.JUnitReportReporter -->
<testsuite hostname="Danish_Khan" failures="0" tests="1" name="com.eBanking.testCases.TC_LoginTest_001" time="10.692" errors="0" timestamp="2023-07-22T00:38:56 IST" skipped="0">
  <testcase classname="com.eBanking.testCases.TC_LoginTest_001" name="logintest" time="10.692"/>
  <system-out/>
</testsuite> <!-- com.eBanking.testCases.TC_LoginTest_001 -->
