<?xml version="1.0" encoding="UTF-8"?>
<!-- Generated by org.testng.reporters.JUnitReportReporter -->
<testsuite hostname="Danish_Khan" failures="0" tests="1" name="com.eBanking.testCases.TC_AddCustomerTest_003" time="23.994" errors="0" timestamp="2023-07-19T23:48:53 IST" skipped="0">
  <testcase classname="com.eBanking.testCases.TC_AddCustomerTest_003" name="addNewCustomer" time="23.994"/>
  <system-out/>
</testsuite> <!-- com.eBanking.testCases.TC_AddCustomerTest_003 -->
